[1;33m========================================
   AI 新闻实时监控系统
========================================\033[0m
[1;33m⏰ 启动时间: 2026-02-03 12:10:01[0m

[1;33m📡 步骤 1: 采集 AI 新闻...[0m
[2026-02-03 12:10:01.623843] 开始采集 AI 新闻...
→ 采集 arXiv...
→ 采集官方博客...
→ 采集新闻网站...
→ 采集 X/Twitter...
→ 采集 Hacker News...
✓ 采集完成，共收集 10 条新闻

✓ 结果已保存到: /root/.openclaw/workspace/skills/ai-news-tracker/data/news_raw.json
[1;33m🎯 步骤 2: 评分和过滤...[0m
[2026-02-03 12:10:51.690434] 开始评分和过滤...
✓ 过滤完成：10 → 1
  🔴 极重要: 0
  🟡 重要: 1
✓ 结果已保存到: /root/.openclaw/workspace/skills/ai-news-tracker/data/news_scored.json

[1;33m📝 步骤 3: 生成摘要...[0m
✓ 摘要已保存到: /root/.openclaw/workspace/skills/ai-news-tracker/data/news_digest.md
[0;32m✓ 无极重要新闻[0m

[0;32m========================================
   监控完成
========================================\033[0m
📊 采集统计:
   总计: 1 条
   🔴 极重要: 0 条
   🟡 重要: 1 条
   🟢 一般: 0 条

[0;32m✓ 下次运行: 2026-02-03 12:15:51[0m

[1;33m========================================
   AI 新闻实时监控系统
========================================\033[0m
[1;33m⏰ 启动时间: 2026-02-03 12:20:02[0m

[1;33m📡 步骤 1: 采集 AI 新闻...[0m
[2026-02-03 12:20:02.264351] 开始采集 AI 新闻...
→ 采集 arXiv...
→ 采集官方博客...
→ 采集新闻网站...
→ 采集 X/Twitter...
→ 采集 Hacker News...
✓ 采集完成，共收集 11 条新闻

✓ 结果已保存到: /root/.openclaw/workspace/skills/ai-news-tracker/data/news_raw.json
[1;33m🎯 步骤 2: 评分和过滤...[0m
[2026-02-03 12:20:51.665408] 开始评分和过滤...
✓ 过滤完成：11 → 1
  🔴 极重要: 0
  🟡 重要: 1
✓ 结果已保存到: /root/.openclaw/workspace/skills/ai-news-tracker/data/news_scored.json

[1;33m📝 步骤 3: 生成摘要...[0m
✓ 摘要已保存到: /root/.openclaw/workspace/skills/ai-news-tracker/data/news_digest.md
[0;32m✓ 无极重要新闻[0m

[0;32m========================================
   监控完成
========================================\033[0m
📊 采集统计:
   总计: 1 条
   🔴 极重要: 0 条
   🟡 重要: 1 条
   🟢 一般: 0 条

[0;32m✓ 下次运行: 2026-02-03 12:25:51[0m

[1;33m========================================
   AI 新闻实时监控系统
========================================\033[0m
[1;33m⏰ 启动时间: 2026-02-03 12:30:01[0m

[1;33m📡 步骤 1: 采集 AI 新闻...[0m
[2026-02-03 12:30:02.127328] 开始采集 AI 新闻...
→ 采集 arXiv...
→ 采集官方博客...
→ 采集新闻网站...
→ 采集 X/Twitter...
→ 采集 Hacker News...
✓ 采集完成，共收集 9 条新闻

✓ 结果已保存到: /root/.openclaw/workspace/skills/ai-news-tracker/data/news_raw.json
[1;33m🎯 步骤 2: 评分和过滤...[0m
[2026-02-03 12:30:53.279743] 开始评分和过滤...
✓ 过滤完成：9 → 1
  🔴 极重要: 0
  🟡 重要: 1
✓ 结果已保存到: /root/.openclaw/workspace/skills/ai-news-tracker/data/news_scored.json

[1;33m📝 步骤 3: 生成摘要...[0m
✓ 摘要已保存到: /root/.openclaw/workspace/skills/ai-news-tracker/data/news_digest.md
[0;32m✓ 无极重要新闻[0m

[0;32m========================================
   监控完成
========================================\033[0m
📊 采集统计:
   总计: 1 条
   🔴 极重要: 0 条
   🟡 重要: 1 条
   🟢 一般: 0 条

[0;32m✓ 下次运行: 2026-02-03 12:35:53[0m

[1;33m========================================
   AI 新闻实时监控系统
========================================\033[0m
[1;33m⏰ 启动时间: 2026-02-03 12:40:01[0m

[1;33m📡 步骤 1: 采集 AI 新闻...[0m
[2026-02-03 12:40:01.873017] 开始采集 AI 新闻...
→ 采集 arXiv...
→ 采集官方博客...
→ 采集新闻网站...
→ 采集 X/Twitter...
→ 采集 Hacker News...
✓ 采集完成，共收集 10 条新闻

✓ 结果已保存到: /root/.openclaw/workspace/skills/ai-news-tracker/data/news_raw.json
[1;33m🎯 步骤 2: 评分和过滤...[0m
[2026-02-03 12:40:51.720980] 开始评分和过滤...
✓ 过滤完成：10 → 1
  🔴 极重要: 0
  🟡 重要: 1
✓ 结果已保存到: /root/.openclaw/workspace/skills/ai-news-tracker/data/news_scored.json

[1;33m📝 步骤 3: 生成摘要...[0m
✓ 摘要已保存到: /root/.openclaw/workspace/skills/ai-news-tracker/data/news_digest.md
[0;32m✓ 无极重要新闻[0m

[0;32m========================================
   监控完成
========================================\033[0m
📊 采集统计:
   总计: 1 条
   🔴 极重要: 0 条
   🟡 重要: 1 条
   🟢 一般: 0 条

[0;32m✓ 下次运行: 2026-02-03 12:45:51[0m

[1;33m========================================
   AI 新闻实时监控系统
========================================\033[0m
[1;33m⏰ 启动时间: 2026-02-03 12:50:02[0m

[1;33m📡 步骤 1: 采集 AI 新闻...[0m
[2026-02-03 12:50:02.269427] 开始采集 AI 新闻...
→ 采集 arXiv...
→ 采集官方博客...
→ 采集新闻网站...
→ 采集 X/Twitter...
→ 采集 Hacker News...
✓ 采集完成，共收集 9 条新闻

✓ 结果已保存到: /root/.openclaw/workspace/skills/ai-news-tracker/data/news_raw.json
[1;33m🎯 步骤 2: 评分和过滤...[0m
[2026-02-03 12:50:50.858895] 开始评分和过滤...
✓ 过滤完成：9 → 0
  🔴 极重要: 0
  🟡 重要: 0
✓ 结果已保存到: /root/.openclaw/workspace/skills/ai-news-tracker/data/news_scored.json

[1;33m📝 步骤 3: 生成摘要...[0m
✓ 摘要已保存到: /root/.openclaw/workspace/skills/ai-news-tracker/data/news_digest.md
[0;32m✓ 无极重要新闻[0m

[0;32m========================================
   监控完成
========================================\033[0m
📊 采集统计:
   总计: 0 条
   🔴 极重要: 0 条
   🟡 重要: 0 条
   🟢 一般: 0 条

[0;32m✓ 下次运行: 2026-02-03 12:55:50[0m

[1;33m========================================
   AI 新闻实时监控系统
========================================\033[0m
[1;33m⏰ 启动时间: 2026-02-03 13:00:01[0m

[1;33m📡 步骤 1: 采集 AI 新闻...[0m
[2026-02-03 13:00:01.427247] 开始采集 AI 新闻...
→ 采集 arXiv...
→ 采集官方博客...
→ 采集新闻网站...
→ 采集 X/Twitter...
→ 采集 Hacker News...
✓ 采集完成，共收集 8 条新闻

✓ 结果已保存到: /root/.openclaw/workspace/skills/ai-news-tracker/data/news_raw.json
[1;33m🎯 步骤 2: 评分和过滤...[0m
[2026-02-03 13:00:52.845950] 开始评分和过滤...
✓ 过滤完成：8 → 0
  🔴 极重要: 0
  🟡 重要: 0
✓ 结果已保存到: /root/.openclaw/workspace/skills/ai-news-tracker/data/news_scored.json

[1;33m📝 步骤 3: 生成摘要...[0m
✓ 摘要已保存到: /root/.openclaw/workspace/skills/ai-news-tracker/data/news_digest.md
[0;32m✓ 无极重要新闻[0m

[0;32m========================================
   监控完成
========================================\033[0m
📊 采集统计:
   总计: 0 条
   🔴 极重要: 0 条
   🟡 重要: 0 条
   🟢 一般: 0 条

[0;32m✓ 下次运行: 2026-02-03 13:05:53[0m

[1;33m========================================
   AI 新闻实时监控系统
========================================\033[0m
[1;33m⏰ 启动时间: 2026-02-03 13:10:01[0m

[1;33m📡 步骤 1: 采集 AI 新闻...[0m
[2026-02-03 13:10:01.395333] 开始采集 AI 新闻...
→ 采集 arXiv...
→ 采集官方博客...
→ 采集新闻网站...
→ 采集 X/Twitter...
→ 采集 Hacker News...
✓ 采集完成，共收集 7 条新闻

✓ 结果已保存到: /root/.openclaw/workspace/skills/ai-news-tracker/data/news_raw.json
[1;33m🎯 步骤 2: 评分和过滤...[0m
[2026-02-03 13:10:51.965658] 开始评分和过滤...
✓ 过滤完成：7 → 0
  🔴 极重要: 0
  🟡 重要: 0
✓ 结果已保存到: /root/.openclaw/workspace/skills/ai-news-tracker/data/news_scored.json

[1;33m📝 步骤 3: 生成摘要...[0m
✓ 摘要已保存到: /root/.openclaw/workspace/skills/ai-news-tracker/data/news_digest.md
[0;32m✓ 无极重要新闻[0m

[0;32m========================================
   监控完成
========================================\033[0m
📊 采集统计:
   总计: 0 条
   🔴 极重要: 0 条
   🟡 重要: 0 条
   🟢 一般: 0 条

[0;32m✓ 下次运行: 2026-02-03 13:15:52[0m

[1;33m========================================
   AI 新闻实时监控系统
========================================\033[0m
[1;33m⏰ 启动时间: 2026-02-03 13:20:01[0m

[1;33m📡 步骤 1: 采集 AI 新闻...[0m
[2026-02-03 13:20:01.512277] 开始采集 AI 新闻...
→ 采集 arXiv...
→ 采集官方博客...
→ 采集新闻网站...
→ 采集 X/Twitter...
→ 采集 Hacker News...
✓ 采集完成，共收集 7 条新闻

✓ 结果已保存到: /root/.openclaw/workspace/skills/ai-news-tracker/data/news_raw.json
[1;33m🎯 步骤 2: 评分和过滤...[0m
[2026-02-03 13:20:52.549384] 开始评分和过滤...
✓ 过滤完成：7 → 0
  🔴 极重要: 0
  🟡 重要: 0
✓ 结果已保存到: /root/.openclaw/workspace/skills/ai-news-tracker/data/news_scored.json

[1;33m📝 步骤 3: 生成摘要...[0m
✓ 摘要已保存到: /root/.openclaw/workspace/skills/ai-news-tracker/data/news_digest.md
[0;32m✓ 无极重要新闻[0m

[0;32m========================================
   监控完成
========================================\033[0m
📊 采集统计:
   总计: 0 条
   🔴 极重要: 0 条
   🟡 重要: 0 条
   🟢 一般: 0 条

[0;32m✓ 下次运行: 2026-02-03 13:25:52[0m

[1;33m========================================
   AI 新闻实时监控系统
========================================\033[0m
[1;33m⏰ 启动时间: 2026-02-03 13:30:01[0m

[1;33m📡 步骤 1: 采集 AI 新闻...[0m
[2026-02-03 13:30:02.129537] 开始采集 AI 新闻...
→ 采集 arXiv...
→ 采集官方博客...
→ 采集新闻网站...
→ 采集 X/Twitter...
→ 采集 Hacker News...
✓ 采集完成，共收集 7 条新闻

✓ 结果已保存到: /root/.openclaw/workspace/skills/ai-news-tracker/data/news_raw.json
[1;33m🎯 步骤 2: 评分和过滤...[0m
[2026-02-03 13:30:51.265447] 开始评分和过滤...
✓ 过滤完成：7 → 0
  🔴 极重要: 0
  🟡 重要: 0
✓ 结果已保存到: /root/.openclaw/workspace/skills/ai-news-tracker/data/news_scored.json

[1;33m📝 步骤 3: 生成摘要...[0m
✓ 摘要已保存到: /root/.openclaw/workspace/skills/ai-news-tracker/data/news_digest.md
[0;32m✓ 无极重要新闻[0m

[0;32m========================================
   监控完成
========================================\033[0m
📊 采集统计:
   总计: 0 条
   🔴 极重要: 0 条
   🟡 重要: 0 条
   🟢 一般: 0 条

[0;32m✓ 下次运行: 2026-02-03 13:35:51[0m

[1;33m========================================
   AI 新闻实时监控系统
========================================\033[0m
[1;33m⏰ 启动时间: 2026-02-03 13:40:01[0m

[1;33m📡 步骤 1: 采集 AI 新闻...[0m
[2026-02-03 13:40:01.800381] 开始采集 AI 新闻...
→ 采集 arXiv...
→ 采集官方博客...
→ 采集新闻网站...
→ 采集 X/Twitter...
→ 采集 Hacker News...
✓ 采集完成，共收集 6 条新闻

✓ 结果已保存到: /root/.openclaw/workspace/skills/ai-news-tracker/data/news_raw.json
[1;33m🎯 步骤 2: 评分和过滤...[0m
[2026-02-03 13:40:52.392279] 开始评分和过滤...
✓ 过滤完成：6 → 0
  🔴 极重要: 0
  🟡 重要: 0
✓ 结果已保存到: /root/.openclaw/workspace/skills/ai-news-tracker/data/news_scored.json

[1;33m📝 步骤 3: 生成摘要...[0m
✓ 摘要已保存到: /root/.openclaw/workspace/skills/ai-news-tracker/data/news_digest.md
[0;32m✓ 无极重要新闻[0m

[0;32m========================================
   监控完成
========================================\033[0m
📊 采集统计:
   总计: 0 条
   🔴 极重要: 0 条
   🟡 重要: 0 条
   🟢 一般: 0 条

[0;32m✓ 下次运行: 2026-02-03 13:45:52[0m

[1;33m========================================
   AI 新闻实时监控系统
========================================\033[0m
[1;33m⏰ 启动时间: 2026-02-03 13:50:01[0m

[1;33m📡 步骤 1: 采集 AI 新闻...[0m
[2026-02-03 13:50:01.855631] 开始采集 AI 新闻...
→ 采集 arXiv...
→ 采集官方博客...
→ 采集新闻网站...
→ 采集 X/Twitter...
→ 采集 Hacker News...
✓ 采集完成，共收集 6 条新闻

✓ 结果已保存到: /root/.openclaw/workspace/skills/ai-news-tracker/data/news_raw.json
[1;33m🎯 步骤 2: 评分和过滤...[0m
[2026-02-03 13:50:51.080147] 开始评分和过滤...
✓ 过滤完成：6 → 1
  🔴 极重要: 0
  🟡 重要: 1
✓ 结果已保存到: /root/.openclaw/workspace/skills/ai-news-tracker/data/news_scored.json

[1;33m📝 步骤 3: 生成摘要...[0m
✓ 摘要已保存到: /root/.openclaw/workspace/skills/ai-news-tracker/data/news_digest.md
[0;32m✓ 无极重要新闻[0m

[0;32m========================================
   监控完成
========================================\033[0m
📊 采集统计:
   总计: 1 条
   🔴 极重要: 0 条
   🟡 重要: 1 条
   🟢 一般: 0 条

[0;32m✓ 下次运行: 2026-02-03 13:55:51[0m

[1;33m========================================
   AI 新闻实时监控系统
========================================\033[0m
[1;33m⏰ 启动时间: 2026-02-03 14:00:01[0m

[1;33m📡 步骤 1: 采集 AI 新闻...[0m
[2026-02-03 14:00:01.548150] 开始采集 AI 新闻...
→ 采集 arXiv...
→ 采集官方博客...
→ 采集新闻网站...
→ 采集 X/Twitter...
→ 采集 Hacker News...
✓ 采集完成，共收集 6 条新闻

✓ 结果已保存到: /root/.openclaw/workspace/skills/ai-news-tracker/data/news_raw.json
[1;33m🎯 步骤 2: 评分和过滤...[0m
[2026-02-03 14:00:51.753121] 开始评分和过滤...
✓ 过滤完成：6 → 1
  🔴 极重要: 0
  🟡 重要: 1
✓ 结果已保存到: /root/.openclaw/workspace/skills/ai-news-tracker/data/news_scored.json

[1;33m📝 步骤 3: 生成摘要...[0m
✓ 摘要已保存到: /root/.openclaw/workspace/skills/ai-news-tracker/data/news_digest.md
[0;32m✓ 无极重要新闻[0m

[0;32m========================================
   监控完成
========================================\033[0m
📊 采集统计:
   总计: 1 条
   🔴 极重要: 0 条
   🟡 重要: 1 条
   🟢 一般: 0 条

[0;32m✓ 下次运行: 2026-02-03 14:05:51[0m

[1;33m========================================
   AI 新闻实时监控系统
========================================\033[0m
[1;33m⏰ 启动时间: 2026-02-03 14:10:02[0m

[1;33m📡 步骤 1: 采集 AI 新闻...[0m
[2026-02-03 14:10:02.327401] 开始采集 AI 新闻...
→ 采集 arXiv...
→ 采集官方博客...
→ 采集新闻网站...
→ 采集 X/Twitter...
→ 采集 Hacker News...
✓ 采集完成，共收集 6 条新闻

✓ 结果已保存到: /root/.openclaw/workspace/skills/ai-news-tracker/data/news_raw.json
[1;33m🎯 步骤 2: 评分和过滤...[0m
[2026-02-03 14:10:53.508178] 开始评分和过滤...
✓ 过滤完成：6 → 1
  🔴 极重要: 0
  🟡 重要: 1
✓ 结果已保存到: /root/.openclaw/workspace/skills/ai-news-tracker/data/news_scored.json

[1;33m📝 步骤 3: 生成摘要...[0m
✓ 摘要已保存到: /root/.openclaw/workspace/skills/ai-news-tracker/data/news_digest.md
[0;32m✓ 无极重要新闻[0m

[0;32m========================================
   监控完成
========================================\033[0m
📊 采集统计:
   总计: 1 条
   🔴 极重要: 0 条
   🟡 重要: 1 条
   🟢 一般: 0 条

[0;32m✓ 下次运行: 2026-02-03 14:15:53[0m

[1;33m========================================
   AI 新闻实时监控系统
========================================\033[0m
[1;33m⏰ 启动时间: 2026-02-03 14:20:01[0m

[1;33m📡 步骤 1: 采集 AI 新闻...[0m
[2026-02-03 14:20:02.048979] 开始采集 AI 新闻...
→ 采集 arXiv...
→ 采集官方博客...
→ 采集新闻网站...
→ 采集 X/Twitter...
→ 采集 Hacker News...
✓ 采集完成，共收集 7 条新闻

✓ 结果已保存到: /root/.openclaw/workspace/skills/ai-news-tracker/data/news_raw.json
[1;33m🎯 步骤 2: 评分和过滤...[0m
[2026-02-03 14:20:52.540509] 开始评分和过滤...
✓ 过滤完成：7 → 1
  🔴 极重要: 0
  🟡 重要: 1
✓ 结果已保存到: /root/.openclaw/workspace/skills/ai-news-tracker/data/news_scored.json

[1;33m📝 步骤 3: 生成摘要...[0m
✓ 摘要已保存到: /root/.openclaw/workspace/skills/ai-news-tracker/data/news_digest.md
[0;32m✓ 无极重要新闻[0m

[0;32m========================================
   监控完成
========================================\033[0m
📊 采集统计:
   总计: 1 条
   🔴 极重要: 0 条
   🟡 重要: 1 条
   🟢 一般: 0 条

[0;32m✓ 下次运行: 2026-02-03 14:25:52[0m

[1;33m========================================
   AI 新闻实时监控系统
========================================\033[0m
[1;33m⏰ 启动时间: 2026-02-03 14:30:02[0m

[1;33m📡 步骤 1: 采集 AI 新闻...[0m
[2026-02-03 14:30:02.269791] 开始采集 AI 新闻...
→ 采集 arXiv...
→ 采集官方博客...
→ 采集新闻网站...
→ 采集 X/Twitter...
→ 采集 Hacker News...
✓ 采集完成，共收集 9 条新闻

✓ 结果已保存到: /root/.openclaw/workspace/skills/ai-news-tracker/data/news_raw.json
[1;33m🎯 步骤 2: 评分和过滤...[0m
[2026-02-03 14:30:53.777415] 开始评分和过滤...
✓ 过滤完成：9 → 1
  🔴 极重要: 0
  🟡 重要: 1
✓ 结果已保存到: /root/.openclaw/workspace/skills/ai-news-tracker/data/news_scored.json

[1;33m📝 步骤 3: 生成摘要...[0m
✓ 摘要已保存到: /root/.openclaw/workspace/skills/ai-news-tracker/data/news_digest.md
[0;32m✓ 无极重要新闻[0m

[0;32m========================================
   监控完成
========================================\033[0m
📊 采集统计:
   总计: 1 条
   🔴 极重要: 0 条
   🟡 重要: 1 条
   🟢 一般: 0 条

[0;32m✓ 下次运行: 2026-02-03 14:35:53[0m

[1;33m========================================
   AI 新闻实时监控系统
========================================\033[0m
[1;33m⏰ 启动时间: 2026-02-03 14:40:02[0m

[1;33m📡 步骤 1: 采集 AI 新闻...[0m
[2026-02-03 14:40:02.179078] 开始采集 AI 新闻...
→ 采集 arXiv...
→ 采集官方博客...
→ 采集新闻网站...
→ 采集 X/Twitter...
→ 采集 Hacker News...
✓ 采集完成，共收集 8 条新闻

✓ 结果已保存到: /root/.openclaw/workspace/skills/ai-news-tracker/data/news_raw.json
[1;33m🎯 步骤 2: 评分和过滤...[0m
[2026-02-03 14:40:55.996038] 开始评分和过滤...
✓ 过滤完成：8 → 1
  🔴 极重要: 0
  🟡 重要: 1
✓ 结果已保存到: /root/.openclaw/workspace/skills/ai-news-tracker/data/news_scored.json

[1;33m📝 步骤 3: 生成摘要...[0m
✓ 摘要已保存到: /root/.openclaw/workspace/skills/ai-news-tracker/data/news_digest.md
[0;32m✓ 无极重要新闻[0m

[0;32m========================================
   监控完成
========================================\033[0m
📊 采集统计:
   总计: 1 条
   🔴 极重要: 0 条
   🟡 重要: 1 条
   🟢 一般: 0 条

[0;32m✓ 下次运行: 2026-02-03 14:45:56[0m

[1;33m========================================
   AI 新闻实时监控系统
========================================\033[0m
[1;33m⏰ 启动时间: 2026-02-03 14:50:01[0m

[1;33m📡 步骤 1: 采集 AI 新闻...[0m
[2026-02-03 14:50:01.459306] 开始采集 AI 新闻...
→ 采集 arXiv...
→ 采集官方博客...
→ 采集新闻网站...
→ 采集 X/Twitter...
→ 采集 Hacker News...
✓ 采集完成，共收集 8 条新闻

✓ 结果已保存到: /root/.openclaw/workspace/skills/ai-news-tracker/data/news_raw.json
[1;33m🎯 步骤 2: 评分和过滤...[0m
[2026-02-03 14:50:51.891766] 开始评分和过滤...
✓ 过滤完成：8 → 0
  🔴 极重要: 0
  🟡 重要: 0
✓ 结果已保存到: /root/.openclaw/workspace/skills/ai-news-tracker/data/news_scored.json

[1;33m📝 步骤 3: 生成摘要...[0m
✓ 摘要已保存到: /root/.openclaw/workspace/skills/ai-news-tracker/data/news_digest.md
[0;32m✓ 无极重要新闻[0m

[0;32m========================================
   监控完成
========================================\033[0m
📊 采集统计:
   总计: 0 条
   🔴 极重要: 0 条
   🟡 重要: 0 条
   🟢 一般: 0 条

[0;32m✓ 下次运行: 2026-02-03 14:55:51[0m

[1;33m========================================
   AI 新闻实时监控系统
========================================\033[0m
[1;33m⏰ 启动时间: 2026-02-03 15:00:01[0m

[1;33m📡 步骤 1: 采集 AI 新闻...[0m
[2026-02-03 15:00:01.542000] 开始采集 AI 新闻...
→ 采集 arXiv...
→ 采集官方博客...
→ 采集新闻网站...
→ 采集 X/Twitter...
→ 采集 Hacker News...
✓ 采集完成，共收集 7 条新闻

✓ 结果已保存到: /root/.openclaw/workspace/skills/ai-news-tracker/data/news_raw.json
[1;33m🎯 步骤 2: 评分和过滤...[0m
[2026-02-03 15:00:51.304379] 开始评分和过滤...
✓ 过滤完成：7 → 0
  🔴 极重要: 0
  🟡 重要: 0
✓ 结果已保存到: /root/.openclaw/workspace/skills/ai-news-tracker/data/news_scored.json

[1;33m📝 步骤 3: 生成摘要...[0m
✓ 摘要已保存到: /root/.openclaw/workspace/skills/ai-news-tracker/data/news_digest.md
[0;32m✓ 无极重要新闻[0m

[0;32m========================================
   监控完成
========================================\033[0m
📊 采集统计:
   总计: 0 条
   🔴 极重要: 0 条
   🟡 重要: 0 条
   🟢 一般: 0 条

[0;32m✓ 下次运行: 2026-02-03 15:05:51[0m

